2020-03-11 08:54:02,591 WARNING Process rank: -1, device: cuda, n_gpu: 4, distributed training: False, 16-bits training: False
2020-03-11 08:54:23,060 INFO Training/evaluation parameters Namespace(adam_epsilon=1e-08, albert_add=-1, albert_set=-1, bert_dup=-1, bert_dup_n=-1, cache_dir='', config_name='', data_dir=None, device=device(type='cuda'), do_eval=True, do_lower_case=True, do_train=True, doc_stride=128, eval_all_checkpoints=False, evaluate_during_training=False, fp16=False, fp16_opt_level='O1', gradient_accumulation_steps=1, lang_id=0, learning_rate=3e-05, local_rank=-1, logging_steps=500, max_answer_length=30, max_grad_norm=1.0, max_query_length=64, max_seq_length=384, max_steps=-1, model_name='albertbaseline_', model_name_or_path='albert-base-v2', model_type='albert', n_best_size=5, n_gpu=4, no_cuda=False, null_score_diff_threshold=0.0, num_train_epochs=3.0, output_dir='save/albertbaseline', overwrite_cache=False, overwrite_output_dir=False, per_gpu_eval_batch_size=8, per_gpu_train_batch_size=8, predict_file='data/dev-v2.0.json', project_dir='logs/', save_steps=8000, seed=42, server_ip='', server_port='', threads=32, tokenizer_name='', train_file='data/train-v2.0.json', verbose_logging=False, version_2_with_negative=True, warmup_steps=0, weight_decay=0.0)
2020-03-11 08:54:23,062 INFO Creating features from dataset file at .
2020-03-11 08:57:19,381 INFO Saving features into cached file ./cached_train_albert-base-v2_384
2020-03-11 09:00:56,256 INFO NUMBER PARAMS: 11685122
2020-03-11 09:00:56,260 INFO ***** Running training *****
2020-03-11 09:00:56,260 INFO   Num examples = 132198
2020-03-11 09:00:56,261 INFO   Num Epochs = 3
2020-03-11 09:00:56,262 INFO   Instantaneous batch size per GPU = 8
2020-03-11 09:00:56,262 INFO   Total train batch size (w. parallel, distributed & accumulation) = 32
2020-03-11 09:00:56,262 INFO   Gradient Accumulation steps = 1
2020-03-11 09:00:56,262 INFO   Total optimization steps = 12396
2020-03-11 11:45:25,891 INFO Saving model checkpoint to save/albertbaseline/albertbaseline_checkpoint-8000
2020-03-11 11:45:25,969 INFO Saving optimizer and scheduler states to save/albertbaseline/albertbaseline_checkpoint-8000
2020-03-11 13:15:34,432 INFO Saving model checkpoint to save/albertbaseline/albertbaseline_checkpoint-12397
2020-03-11 13:15:34,512 INFO Saving optimizer and scheduler states to save/albertbaseline/albertbaseline_checkpoint-12397
2020-03-11 13:15:34,514 INFO  global_step = 12397, average loss = 0.7190809119485256
2020-03-11 13:15:34,514 INFO Saving model checkpoint to save/albertbaseline
2020-03-11 13:15:35,075 INFO Loading checkpoints saved during training for evaluation
2020-03-11 13:15:35,075 INFO Evaluate the following checkpoints: ['save/albertbaseline']
2020-03-11 13:15:35,533 INFO Creating features from dataset file at .
2020-03-11 13:15:41,611 INFO Saving features into cached file ./cached_dev_albert-base-v2_384
2020-03-11 13:15:52,522 INFO ***** Running evaluation  *****
2020-03-11 13:15:52,523 INFO   Num examples = 6398
2020-03-11 13:15:52,523 INFO   Batch size = 32
2020-03-11 13:17:27,766 INFO   Evaluation done in total 95.243239 secs (0.014886 sec per example)
2020-03-11 13:17:37,244 INFO Results: {'NoAns_f1': 81.34469696969697, 'best_exact_thresh': 0.0, 'HasAns_f1': 82.71889054253722, 'f1': 82.00262775235002, 'best_f1': 82.0190805328699, 'HasAns_exact': 76.08247422680412, 'NoAns_total': 3168, 'HasAns_total': 2910, 'best_exact': 78.84172425139849, 'NoAns_exact': 81.34469696969697, 'best_f1_thresh': 0.0, 'total': 6078, 'exact': 78.82527147087858}
