2020-03-11 23:54:13,846 WARNING Process rank: -1, device: cuda, n_gpu: 4, distributed training: False, 16-bits training: False
2020-03-11 23:54:16,548 INFO Training/evaluation parameters Namespace(adam_epsilon=1e-08, albert_add=-1, albert_set=20, bert_dup=-1, bert_dup_n=-1, cache_dir='', config_name='', data_dir=None, device=device(type='cuda'), do_eval=True, do_lower_case=True, do_train=True, doc_stride=128, eval_all_checkpoints=False, evaluate_during_training=False, fp16=False, fp16_opt_level='O1', gradient_accumulation_steps=1, lang_id=0, learning_rate=3e-05, local_rank=-1, logging_steps=500, max_answer_length=30, max_grad_norm=1.0, max_query_length=64, max_seq_length=384, max_steps=-1, model_name='albert20_', model_name_or_path='albert-base-v2', model_type='afqa', n_best_size=5, n_gpu=4, no_cuda=False, null_score_diff_threshold=0.0, num_train_epochs=3.0, output_dir='save/albert20', overwrite_cache=False, overwrite_output_dir=False, per_gpu_eval_batch_size=8, per_gpu_train_batch_size=8, predict_file='data/dev-v2.0.json', project_dir='logs/', save_steps=8000, seed=42, server_ip='', server_port='', threads=32, tokenizer_name='', train_file='data/train-v2.0.json', verbose_logging=False, version_2_with_negative=True, warmup_steps=0, weight_decay=0.0)
2020-03-11 23:54:16,549 INFO Loading features from cached file ./cached_train_albert-base-v2_384
2020-03-11 23:54:51,431 INFO NUMBER PARAMS: 11685122
2020-03-11 23:54:51,434 INFO ***** Running training *****
2020-03-11 23:54:51,434 INFO   Num examples = 132198
2020-03-11 23:54:51,435 INFO   Num Epochs = 3
2020-03-11 23:54:51,435 INFO   Instantaneous batch size per GPU = 8
2020-03-11 23:54:51,436 INFO   Total train batch size (w. parallel, distributed & accumulation) = 32
2020-03-11 23:54:51,436 INFO   Gradient Accumulation steps = 1
2020-03-11 23:54:51,436 INFO   Total optimization steps = 12396
2020-03-12 04:24:16,564 INFO Saving model checkpoint to save/albert20/albert20_checkpoint-8000
2020-03-12 04:24:16,641 INFO Saving optimizer and scheduler states to save/albert20/albert20_checkpoint-8000
2020-03-12 06:52:14,932 INFO Saving model checkpoint to save/albert20/albert20_checkpoint-12397
2020-03-12 06:52:15,007 INFO Saving optimizer and scheduler states to save/albert20/albert20_checkpoint-12397
2020-03-12 06:52:15,011 INFO  global_step = 12397, average loss = 0.7305153150421252
2020-03-12 06:52:15,011 INFO Saving model checkpoint to save/albert20
2020-03-12 06:52:15,558 INFO Loading checkpoints saved during training for evaluation
2020-03-12 06:52:15,558 INFO Evaluate the following checkpoints: ['save/albert20']
2020-03-12 06:52:15,995 INFO Loading features from cached file ./cached_dev_albert-base-v2_384
2020-03-12 06:52:17,154 INFO ***** Running evaluation  *****
2020-03-12 06:52:17,155 INFO   Num examples = 6398
2020-03-12 06:52:17,155 INFO   Batch size = 32
2020-03-12 06:54:50,837 INFO   Evaluation done in total 153.681814 secs (0.024020 sec per example)
2020-03-12 06:55:00,591 INFO Results: {'HasAns_total': 2910, 'NoAns_total': 3168, 'exact': 79.3024021059559, 'NoAns_exact': 82.63888888888889, 'total': 6078, 'NoAns_f1': 82.63888888888889, 'HasAns_f1': 82.33495189623201, 'best_exact': 79.3024021059559, 'best_exact_thresh': 0.0, 'best_f1': 82.49337117769574, 'best_f1_thresh': 0.0, 'HasAns_exact': 75.6701030927835, 'f1': 82.49337117769579}
