2020-03-13 02:17:37,602 WARNING Process rank: -1, device: cuda, n_gpu: 4, distributed training: False, 16-bits training: False
2020-03-13 02:17:43,565 INFO Training/evaluation parameters Namespace(adam_epsilon=1e-08, albert_add=-1, albert_set=-1, bert_dup=8, bert_dup_n=-1, cache_dir='', config_name='', data_dir=None, device=device(type='cuda'), do_eval=True, do_lower_case=True, do_train=True, doc_stride=128, eval_all_checkpoints=False, evaluate_during_training=False, fp16=False, fp16_opt_level='O1', gradient_accumulation_steps=1, lang_id=0, learning_rate=3e-05, local_rank=-1, logging_steps=500, max_answer_length=30, max_grad_norm=1.0, max_query_length=64, max_seq_length=384, max_steps=-1, model_name='bertd8_', model_name_or_path='bert-base-uncased', model_type='bfqa', n_best_size=5, n_gpu=4, no_cuda=False, null_score_diff_threshold=0.0, num_train_epochs=3.0, output_dir='save/bertd8', overwrite_cache=False, overwrite_output_dir=False, per_gpu_eval_batch_size=8, per_gpu_train_batch_size=8, predict_file='data/dev-v2.0.json', project_dir='logs/', save_steps=8000, seed=42, server_ip='', server_port='', threads=32, tokenizer_name='', train_file='data/train-v2.0.json', verbose_logging=False, version_2_with_negative=True, warmup_steps=0, weight_decay=0.0)
2020-03-13 02:17:43,567 INFO Loading features from cached file ./cached_train_bert-base-uncased_384
2020-03-13 02:18:15,070 INFO NUMBER PARAMS: 116571650
2020-03-13 02:18:15,074 INFO ***** Running training *****
2020-03-13 02:18:15,074 INFO   Num examples = 131944
2020-03-13 02:18:15,074 INFO   Num Epochs = 3
2020-03-13 02:18:15,075 INFO   Instantaneous batch size per GPU = 8
2020-03-13 02:18:15,075 INFO   Total train batch size (w. parallel, distributed & accumulation) = 32
2020-03-13 02:18:15,075 INFO   Gradient Accumulation steps = 1
2020-03-13 02:18:15,075 INFO   Total optimization steps = 12372
2020-03-13 05:29:15,912 INFO Saving model checkpoint to save/bertd8/bertd8_checkpoint-8000
2020-03-13 05:29:16,683 INFO Saving optimizer and scheduler states to save/bertd8/bertd8_checkpoint-8000
2020-03-13 07:13:39,348 INFO Saving model checkpoint to save/bertd8/bertd8_checkpoint-12373
2020-03-13 07:13:40,104 INFO Saving optimizer and scheduler states to save/bertd8/bertd8_checkpoint-12373
2020-03-13 07:13:40,107 INFO  global_step = 12373, average loss = 0.8769567305992774
2020-03-13 07:13:40,107 INFO Saving model checkpoint to save/bertd8
2020-03-13 07:13:43,661 INFO Loading checkpoints saved during training for evaluation
2020-03-13 07:13:43,661 INFO Evaluate the following checkpoints: ['save/bertd8']
2020-03-13 07:13:46,607 INFO Loading features from cached file ./cached_dev_bert-base-uncased_384
2020-03-13 07:13:47,551 INFO ***** Running evaluation  *****
2020-03-13 07:13:47,551 INFO   Num examples = 6372
2020-03-13 07:13:47,551 INFO   Batch size = 32
2020-03-13 07:15:43,442 INFO   Evaluation done in total 115.890683 secs (0.018187 sec per example)
2020-03-13 07:15:53,330 INFO Results: {'best_f1': 75.71637519734793, 'HasAns_f1': 80.86208725224267, 'best_exact': 72.37578150707469, 'f1': 75.68421748996806, 'NoAns_f1': 70.9280303030303, 'best_exact_thresh': 0.0, 'total': 6078, 'HasAns_total': 2910, 'best_f1_thresh': 0.0, 'exact': 72.32642316551497, 'NoAns_total': 3168, 'NoAns_exact': 70.9280303030303, 'HasAns_exact': 73.8487972508591}
