2020-03-11 13:23:19,473 WARNING Process rank: -1, device: cuda, n_gpu: 4, distributed training: False, 16-bits training: False
2020-03-11 13:23:25,463 INFO Training/evaluation parameters Namespace(adam_epsilon=1e-08, albert_add=-1, albert_set=-1, bert_dup=1, bert_dup_n=-1, cache_dir='', config_name='', data_dir=None, device=device(type='cuda'), do_eval=True, do_lower_case=True, do_train=True, doc_stride=128, eval_all_checkpoints=False, evaluate_during_training=False, fp16=False, fp16_opt_level='O1', gradient_accumulation_steps=1, lang_id=0, learning_rate=3e-05, local_rank=-1, logging_steps=500, max_answer_length=30, max_grad_norm=1.0, max_query_length=64, max_seq_length=384, max_steps=-1, model_name='bertd1_', model_name_or_path='bert-base-uncased', model_type='bfqa', n_best_size=5, n_gpu=4, no_cuda=False, null_score_diff_threshold=0.0, num_train_epochs=3.0, output_dir='save/bertd1', overwrite_cache=False, overwrite_output_dir=False, per_gpu_eval_batch_size=8, per_gpu_train_batch_size=8, predict_file='data/dev-v2.0.json', project_dir='logs/', save_steps=8000, seed=42, server_ip='', server_port='', threads=32, tokenizer_name='', train_file='data/train-v2.0.json', verbose_logging=False, version_2_with_negative=True, warmup_steps=0, weight_decay=0.0)
2020-03-11 13:23:25,465 INFO Loading features from cached file ./cached_train_bert-base-uncased_384
2020-03-11 13:23:57,269 INFO NUMBER PARAMS: 116571650
2020-03-11 13:23:57,273 INFO ***** Running training *****
2020-03-11 13:23:57,273 INFO   Num examples = 131944
2020-03-11 13:23:57,274 INFO   Num Epochs = 3
2020-03-11 13:23:57,274 INFO   Instantaneous batch size per GPU = 8
2020-03-11 13:23:57,275 INFO   Total train batch size (w. parallel, distributed & accumulation) = 32
2020-03-11 13:23:57,275 INFO   Gradient Accumulation steps = 1
2020-03-11 13:23:57,275 INFO   Total optimization steps = 12372
2020-03-11 16:35:28,954 INFO Saving model checkpoint to save/bertd1/bertd1_checkpoint-8000
2020-03-11 16:35:29,744 INFO Saving optimizer and scheduler states to save/bertd1/bertd1_checkpoint-8000
2020-03-11 18:20:22,523 INFO Saving model checkpoint to save/bertd1/bertd1_checkpoint-12373
2020-03-11 18:20:23,295 INFO Saving optimizer and scheduler states to save/bertd1/bertd1_checkpoint-12373
2020-03-11 18:20:23,298 INFO  global_step = 12373, average loss = 0.8840993433795731
2020-03-11 18:20:23,298 INFO Saving model checkpoint to save/bertd1
2020-03-11 18:20:26,571 INFO Loading checkpoints saved during training for evaluation
2020-03-11 18:20:26,571 INFO Evaluate the following checkpoints: ['save/bertd1']
2020-03-11 18:20:29,343 INFO Loading features from cached file ./cached_dev_bert-base-uncased_384
2020-03-11 18:20:30,261 INFO ***** Running evaluation  *****
2020-03-11 18:20:30,261 INFO   Num examples = 6372
2020-03-11 18:20:30,262 INFO   Batch size = 32
2020-03-11 18:22:26,941 INFO   Evaluation done in total 116.678900 secs (0.018311 sec per example)
2020-03-11 18:22:36,702 INFO Results: {'HasAns_total': 2910, 'HasAns_f1': 80.44199917923467, 'f1': 74.8907893405023, 'NoAns_total': 3168, 'NoAns_exact': 69.79166666666667, 'NoAns_f1': 69.79166666666667, 'best_exact': 71.3392563343205, 'best_f1_thresh': 0.0, 'best_exact_thresh': 0.0, 'exact': 71.3392563343205, 'best_f1': 74.89078934050235, 'total': 6078, 'HasAns_exact': 73.02405498281787}
