2020-03-12 04:22:23,166 WARNING Process rank: -1, device: cuda, n_gpu: 4, distributed training: False, 16-bits training: False
2020-03-12 04:22:28,887 INFO Training/evaluation parameters Namespace(adam_epsilon=1e-08, albert_add=-1, albert_set=-1, bert_dup=4, bert_dup_n=-1, cache_dir='', config_name='', data_dir=None, device=device(type='cuda'), do_eval=True, do_lower_case=True, do_train=True, doc_stride=128, eval_all_checkpoints=False, evaluate_during_training=False, fp16=False, fp16_opt_level='O1', gradient_accumulation_steps=1, lang_id=0, learning_rate=3e-05, local_rank=-1, logging_steps=500, max_answer_length=30, max_grad_norm=1.0, max_query_length=64, max_seq_length=384, max_steps=-1, model_name='bertd4_', model_name_or_path='bert-base-uncased', model_type='bfqa', n_best_size=5, n_gpu=4, no_cuda=False, null_score_diff_threshold=0.0, num_train_epochs=3.0, output_dir='save/bertd4', overwrite_cache=False, overwrite_output_dir=False, per_gpu_eval_batch_size=8, per_gpu_train_batch_size=8, predict_file='data/dev-v2.0.json', project_dir='logs/', save_steps=8000, seed=42, server_ip='', server_port='', threads=32, tokenizer_name='', train_file='data/train-v2.0.json', verbose_logging=False, version_2_with_negative=True, warmup_steps=0, weight_decay=0.0)
2020-03-12 04:22:28,889 INFO Loading features from cached file ./cached_train_bert-base-uncased_384
2020-03-12 04:22:57,782 INFO NUMBER PARAMS: 116571650
2020-03-12 04:22:57,786 INFO ***** Running training *****
2020-03-12 04:22:57,786 INFO   Num examples = 131944
2020-03-12 04:22:57,786 INFO   Num Epochs = 3
2020-03-12 04:22:57,787 INFO   Instantaneous batch size per GPU = 8
2020-03-12 04:22:57,787 INFO   Total train batch size (w. parallel, distributed & accumulation) = 32
2020-03-12 04:22:57,787 INFO   Gradient Accumulation steps = 1
2020-03-12 04:22:57,787 INFO   Total optimization steps = 12372
2020-03-12 07:34:17,415 INFO Saving model checkpoint to save/bertd4/bertd4_checkpoint-8000
2020-03-12 07:34:18,173 INFO Saving optimizer and scheduler states to save/bertd4/bertd4_checkpoint-8000
2020-03-12 09:18:47,868 INFO Saving model checkpoint to save/bertd4/bertd4_checkpoint-12373
2020-03-12 09:18:48,644 INFO Saving optimizer and scheduler states to save/bertd4/bertd4_checkpoint-12373
2020-03-12 09:18:48,647 INFO  global_step = 12373, average loss = 0.8733122421430518
2020-03-12 09:18:48,648 INFO Saving model checkpoint to save/bertd4
2020-03-12 09:18:51,968 INFO Loading checkpoints saved during training for evaluation
2020-03-12 09:18:51,968 INFO Evaluate the following checkpoints: ['save/bertd4']
2020-03-12 09:18:54,754 INFO Loading features from cached file ./cached_dev_bert-base-uncased_384
2020-03-12 09:18:55,697 INFO ***** Running evaluation  *****
2020-03-12 09:18:55,697 INFO   Num examples = 6372
2020-03-12 09:18:55,697 INFO   Batch size = 32
2020-03-12 09:20:51,736 INFO   Evaluation done in total 116.038088 secs (0.018211 sec per example)
2020-03-12 09:21:01,669 INFO Results: {'best_exact_thresh': 0.0, 'NoAns_total': 3168, 'exact': 72.52385653175386, 'total': 6078, 'NoAns_exact': 71.21212121212122, 'HasAns_f1': 81.04902899626502, 'best_exact': 72.54030931227378, 'HasAns_total': 2910, 'best_f1_thresh': 0.0, 'HasAns_exact': 73.95189003436425, 'NoAns_f1': 71.21212121212122, 'best_f1': 75.93824849936341, 'f1': 75.92179571884346}
