2020-03-12 21:18:13,068 WARNING Process rank: -1, device: cuda, n_gpu: 4, distributed training: False, 16-bits training: False
2020-03-12 21:18:35,268 INFO Training/evaluation parameters Namespace(adam_epsilon=1e-08, albert_add=-1, albert_set=-1, bert_dup=7, bert_dup_n=-1, cache_dir='', config_name='', data_dir=None, device=device(type='cuda'), do_eval=True, do_lower_case=True, do_train=True, doc_stride=128, eval_all_checkpoints=False, evaluate_during_training=False, fp16=False, fp16_opt_level='O1', gradient_accumulation_steps=1, lang_id=0, learning_rate=3e-05, local_rank=-1, logging_steps=500, max_answer_length=30, max_grad_norm=1.0, max_query_length=64, max_seq_length=384, max_steps=-1, model_name='bertd7_', model_name_or_path='bert-base-uncased', model_type='bfqa', n_best_size=5, n_gpu=4, no_cuda=False, null_score_diff_threshold=0.0, num_train_epochs=3.0, output_dir='save/bertd7', overwrite_cache=False, overwrite_output_dir=False, per_gpu_eval_batch_size=8, per_gpu_train_batch_size=8, predict_file='data/dev-v2.0.json', project_dir='logs/', save_steps=8000, seed=42, server_ip='', server_port='', threads=32, tokenizer_name='', train_file='data/train-v2.0.json', verbose_logging=False, version_2_with_negative=True, warmup_steps=0, weight_decay=0.0)
2020-03-12 21:18:35,271 INFO Loading features from cached file ./cached_train_bert-base-uncased_384
2020-03-12 21:19:34,811 INFO NUMBER PARAMS: 116571650
2020-03-12 21:19:34,818 INFO ***** Running training *****
2020-03-12 21:19:34,818 INFO   Num examples = 131944
2020-03-12 21:19:34,819 INFO   Num Epochs = 3
2020-03-12 21:19:34,819 INFO   Instantaneous batch size per GPU = 8
2020-03-12 21:19:34,819 INFO   Total train batch size (w. parallel, distributed & accumulation) = 32
2020-03-12 21:19:34,819 INFO   Gradient Accumulation steps = 1
2020-03-12 21:19:34,819 INFO   Total optimization steps = 12372
2020-03-13 00:30:54,629 INFO Saving model checkpoint to save/bertd7/bertd7_checkpoint-8000
2020-03-13 00:30:55,401 INFO Saving optimizer and scheduler states to save/bertd7/bertd7_checkpoint-8000
2020-03-13 02:15:16,086 INFO Saving model checkpoint to save/bertd7/bertd7_checkpoint-12373
2020-03-13 02:15:16,858 INFO Saving optimizer and scheduler states to save/bertd7/bertd7_checkpoint-12373
2020-03-13 02:15:16,861 INFO  global_step = 12373, average loss = 0.8813148824466294
2020-03-13 02:15:16,861 INFO Saving model checkpoint to save/bertd7
2020-03-13 02:15:20,095 INFO Loading checkpoints saved during training for evaluation
2020-03-13 02:15:20,095 INFO Evaluate the following checkpoints: ['save/bertd7']
2020-03-13 02:15:22,959 INFO Loading features from cached file ./cached_dev_bert-base-uncased_384
2020-03-13 02:15:24,973 INFO ***** Running evaluation  *****
2020-03-13 02:15:24,973 INFO   Num examples = 6372
2020-03-13 02:15:24,973 INFO   Batch size = 32
2020-03-13 02:17:21,003 INFO   Evaluation done in total 116.029849 secs (0.018209 sec per example)
2020-03-13 02:17:30,863 INFO Results: {'exact': 72.65547877591312, 'HasAns_exact': 73.33333333333333, 'HasAns_total': 2910, 'NoAns_f1': 72.03282828282828, 'HasAns_f1': 80.43125949527679, 'best_exact': 72.65547877591312, 'f1': 76.05379485542208, 'NoAns_total': 3168, 'best_f1': 76.05379485542205, 'total': 6078, 'best_exact_thresh': 0.0, 'best_f1_thresh': 0.0, 'NoAns_exact': 72.03282828282828}
