2020-03-12 06:55:05,387 WARNING Process rank: -1, device: cuda, n_gpu: 4, distributed training: False, 16-bits training: False
2020-03-12 06:55:18,511 INFO Training/evaluation parameters Namespace(adam_epsilon=1e-08, albert_add=-1, albert_set=-1, bert_dup=-1, bert_dup_n=-1, cache_dir='', config_name='', data_dir=None, device=device(type='cuda'), do_eval=True, do_lower_case=True, do_train=True, doc_stride=128, eval_all_checkpoints=False, evaluate_during_training=False, fp16=False, fp16_opt_level='O1', gradient_accumulation_steps=1, lang_id=0, learning_rate=3e-05, local_rank=-1, logging_steps=500, max_answer_length=30, max_grad_norm=1.0, max_query_length=64, max_seq_length=384, max_steps=-1, model_name='bertbaseline_', model_name_or_path='bert-base-uncased', model_type='bert', n_best_size=5, n_gpu=4, no_cuda=False, null_score_diff_threshold=0.0, num_train_epochs=3.0, output_dir='save/bertbaseline', overwrite_cache=False, overwrite_output_dir=False, per_gpu_eval_batch_size=8, per_gpu_train_batch_size=8, predict_file='data/dev-v2.0.json', project_dir='logs/', save_steps=8000, seed=42, server_ip='', server_port='', threads=32, tokenizer_name='', train_file='data/train-v2.0.json', verbose_logging=False, version_2_with_negative=True, warmup_steps=0, weight_decay=0.0)
2020-03-12 06:55:18,513 INFO Creating features from dataset file at .
2020-03-12 06:57:59,567 INFO Saving features into cached file ./cached_train_bert-base-uncased_384
2020-03-12 07:01:33,896 INFO NUMBER PARAMS: 109483778
2020-03-12 07:01:33,901 INFO ***** Running training *****
2020-03-12 07:01:33,901 INFO   Num examples = 131944
2020-03-12 07:01:33,902 INFO   Num Epochs = 3
2020-03-12 07:01:33,903 INFO   Instantaneous batch size per GPU = 8
2020-03-12 07:01:33,903 INFO   Total train batch size (w. parallel, distributed & accumulation) = 32
2020-03-12 07:01:33,903 INFO   Gradient Accumulation steps = 1
2020-03-12 07:01:33,903 INFO   Total optimization steps = 12372
2020-03-12 11:11:05,946 INFO Saving model checkpoint to save/bertbaseline/bertbaseline_checkpoint-8000
2020-03-12 11:11:06,689 INFO Saving optimizer and scheduler states to save/bertbaseline/bertbaseline_checkpoint-8000
2020-03-12 13:22:02,634 INFO Saving model checkpoint to save/bertbaseline/bertbaseline_checkpoint-12373
2020-03-12 13:22:03,370 INFO Saving optimizer and scheduler states to save/bertbaseline/bertbaseline_checkpoint-12373
2020-03-12 13:22:03,373 INFO  global_step = 12373, average loss = 0.8728029409354673
2020-03-12 13:22:03,373 INFO Saving model checkpoint to save/bertbaseline
2020-03-12 13:22:06,456 INFO Loading checkpoints saved during training for evaluation
2020-03-12 13:22:06,456 INFO Evaluate the following checkpoints: ['save/bertbaseline']
2020-03-12 13:22:09,071 INFO Creating features from dataset file at .
2020-03-12 13:22:16,312 INFO Saving features into cached file ./cached_dev_bert-base-uncased_384
2020-03-12 13:22:26,784 INFO ***** Running evaluation  *****
2020-03-12 13:22:26,784 INFO   Num examples = 6372
2020-03-12 13:22:26,784 INFO   Batch size = 32
2020-03-12 13:24:42,890 INFO   Evaluation done in total 136.105694 secs (0.021360 sec per example)
2020-03-12 13:24:53,145 INFO Results: {'total': 6078, 'best_f1': 76.06105680891817, 'NoAns_total': 3168, 'HasAns_exact': 73.88316151202748, 'best_exact_thresh': 0.0, 'NoAns_f1': 71.90656565656566, 'exact': 72.85291214215202, 'best_f1_thresh': 0.0, 'NoAns_exact': 71.90656565656566, 'HasAns_total': 2910, 'best_exact': 72.86936492267193, 'HasAns_f1': 80.54952002907375, 'f1': 76.0446040283982}
