2020-03-11 08:17:29,134 WARNING Process rank: -1, device: cuda, n_gpu: 4, distributed training: False, 16-bits training: False
2020-03-11 08:18:05,044 INFO Training/evaluation parameters Namespace(adam_epsilon=1e-08, albert_add=-1, albert_set=-1, bert_dup=0, bert_dup_n=-1, cache_dir='', config_name='', data_dir=None, device=device(type='cuda'), do_eval=True, do_lower_case=True, do_train=True, doc_stride=128, eval_all_checkpoints=False, evaluate_during_training=False, fp16=False, fp16_opt_level='O1', gradient_accumulation_steps=1, lang_id=0, learning_rate=3e-05, local_rank=-1, logging_steps=500, max_answer_length=30, max_grad_norm=1.0, max_query_length=64, max_seq_length=384, max_steps=-1, model_name='bertd0_', model_name_or_path='bert-base-uncased', model_type='bfqa', n_best_size=5, n_gpu=4, no_cuda=False, null_score_diff_threshold=0.0, num_train_epochs=3.0, output_dir='save/bertd0', overwrite_cache=False, overwrite_output_dir=False, per_gpu_eval_batch_size=8, per_gpu_train_batch_size=8, predict_file='data/dev-v2.0.json', project_dir='logs/', save_steps=8000, seed=42, server_ip='', server_port='', threads=32, tokenizer_name='', train_file='data/train-v2.0.json', verbose_logging=False, version_2_with_negative=True, warmup_steps=0, weight_decay=0.0)
2020-03-11 08:18:05,047 INFO Creating features from dataset file at .
2020-03-11 08:20:42,936 INFO Saving features into cached file ./cached_train_bert-base-uncased_384
2020-03-11 08:24:16,704 INFO NUMBER PARAMS: 116571650
2020-03-11 08:24:16,709 INFO ***** Running training *****
2020-03-11 08:24:16,709 INFO   Num examples = 131944
2020-03-11 08:24:16,710 INFO   Num Epochs = 3
2020-03-11 08:24:16,711 INFO   Instantaneous batch size per GPU = 8
2020-03-11 08:24:16,711 INFO   Total train batch size (w. parallel, distributed & accumulation) = 32
2020-03-11 08:24:16,711 INFO   Gradient Accumulation steps = 1
2020-03-11 08:24:16,711 INFO   Total optimization steps = 12372
2020-03-11 11:36:02,862 INFO Saving model checkpoint to save/bertd0/bertd0_checkpoint-8000
2020-03-11 11:36:03,663 INFO Saving optimizer and scheduler states to save/bertd0/bertd0_checkpoint-8000
2020-03-11 13:20:41,991 INFO Saving model checkpoint to save/bertd0/bertd0_checkpoint-12373
2020-03-11 13:20:42,801 INFO Saving optimizer and scheduler states to save/bertd0/bertd0_checkpoint-12373
2020-03-11 13:20:42,805 INFO  global_step = 12373, average loss = 0.8826658252804597
2020-03-11 13:20:42,805 INFO Saving model checkpoint to save/bertd0
2020-03-11 13:20:46,137 INFO Loading checkpoints saved during training for evaluation
2020-03-11 13:20:46,137 INFO Evaluate the following checkpoints: ['save/bertd0']
2020-03-11 13:20:48,862 INFO Creating features from dataset file at .
2020-03-11 13:20:55,844 INFO Saving features into cached file ./cached_dev_bert-base-uncased_384
2020-03-11 13:21:06,657 INFO ***** Running evaluation  *****
2020-03-11 13:21:06,658 INFO   Num examples = 6372
2020-03-11 13:21:06,658 INFO   Batch size = 32
2020-03-11 13:23:02,659 INFO   Evaluation done in total 116.000777 secs (0.018205 sec per example)
2020-03-11 13:23:13,254 INFO Results: {'exact': 71.93155643303719, 'f1': 75.14680191354164, 'HasAns_exact': 74.63917525773196, 'HasAns_f1': 81.35472922010528, 'NoAns_total': 3168, 'NoAns_exact': 69.44444444444444, 'total': 6078, 'HasAns_total': 2910, 'best_exact': 71.94800921355709, 'best_f1_thresh': 0.0, 'NoAns_f1': 69.44444444444444, 'best_exact_thresh': 0.0, 'best_f1': 75.15150270797585}
