2020-03-11 18:07:07,239 WARNING Process rank: -1, device: cuda, n_gpu: 4, distributed training: False, 16-bits training: False
2020-03-11 18:07:11,449 INFO Training/evaluation parameters Namespace(adam_epsilon=1e-08, albert_add=-1, albert_set=-1, bert_dup=2, bert_dup_n=-1, cache_dir='', config_name='', data_dir=None, device=device(type='cuda'), do_eval=True, do_lower_case=True, do_train=True, doc_stride=128, eval_all_checkpoints=False, evaluate_during_training=False, fp16=False, fp16_opt_level='O1', gradient_accumulation_steps=1, lang_id=0, learning_rate=3e-05, local_rank=-1, logging_steps=500, max_answer_length=30, max_grad_norm=1.0, max_query_length=64, max_seq_length=384, max_steps=-1, model_name='distilbert2_', model_name_or_path='distilbert-base-uncased', model_type='dfqa', n_best_size=5, n_gpu=4, no_cuda=False, null_score_diff_threshold=0.0, num_train_epochs=3.0, output_dir='save/distilbert2', overwrite_cache=False, overwrite_output_dir=False, per_gpu_eval_batch_size=8, per_gpu_train_batch_size=8, predict_file='data/dev-v2.0.json', project_dir='logs/', save_steps=8000, seed=42, server_ip='', server_port='', threads=32, tokenizer_name='', train_file='data/train-v2.0.json', verbose_logging=False, version_2_with_negative=True, warmup_steps=0, weight_decay=0.0)
2020-03-11 18:07:11,451 INFO Loading features from cached file ./cached_train_distilbert-base-uncased_384
2020-03-11 18:07:41,784 INFO NUMBER PARAMS: 73452290
2020-03-11 18:07:41,787 INFO ***** Running training *****
2020-03-11 18:07:41,787 INFO   Num examples = 131944
2020-03-11 18:07:41,787 INFO   Num Epochs = 3
2020-03-11 18:07:41,788 INFO   Instantaneous batch size per GPU = 8
2020-03-11 18:07:41,788 INFO   Total train batch size (w. parallel, distributed & accumulation) = 32
2020-03-11 18:07:41,788 INFO   Gradient Accumulation steps = 1
2020-03-11 18:07:41,788 INFO   Total optimization steps = 12372
2020-03-11 19:57:41,121 INFO Saving model checkpoint to save/distilbert2/distilbert2_checkpoint-8000
2020-03-11 19:57:41,582 INFO Saving optimizer and scheduler states to save/distilbert2/distilbert2_checkpoint-8000
2020-03-11 20:57:46,973 INFO Saving model checkpoint to save/distilbert2/distilbert2_checkpoint-12373
2020-03-11 20:57:47,438 INFO Saving optimizer and scheduler states to save/distilbert2/distilbert2_checkpoint-12373
2020-03-11 20:57:47,440 INFO  global_step = 12373, average loss = 1.0472823516019745
2020-03-11 20:57:47,440 INFO Saving model checkpoint to save/distilbert2
2020-03-11 20:57:49,399 INFO Loading checkpoints saved during training for evaluation
2020-03-11 20:57:49,400 INFO Evaluate the following checkpoints: ['save/distilbert2']
2020-03-11 20:57:50,894 INFO Loading features from cached file ./cached_dev_distilbert-base-uncased_384
2020-03-11 20:57:52,052 INFO ***** Running evaluation  *****
2020-03-11 20:57:52,054 INFO   Num examples = 6372
2020-03-11 20:57:52,054 INFO   Batch size = 32
2020-03-11 20:58:58,945 INFO   Evaluation done in total 66.890717 secs (0.010498 sec per example)
2020-03-11 20:59:09,256 INFO Results: {'best_f1_thresh': 0.0, 'best_exact_thresh': 0.0, 'NoAns_f1': 62.40530303030303, 'exact': 65.79466929911155, 'HasAns_f1': 76.56456728345769, 'f1': 69.18441770234634, 'HasAns_total': 2910, 'NoAns_total': 3168, 'best_exact': 65.82757486015137, 'total': 6078, 'best_f1': 69.19867677879688, 'NoAns_exact': 62.40530303030303, 'HasAns_exact': 69.48453608247422}
