2020-03-11 15:15:00,434 WARNING Process rank: -1, device: cuda, n_gpu: 4, distributed training: False, 16-bits training: False
2020-03-11 15:15:04,709 INFO Training/evaluation parameters Namespace(adam_epsilon=1e-08, albert_add=-1, albert_set=-1, bert_dup=1, bert_dup_n=-1, cache_dir='', config_name='', data_dir=None, device=device(type='cuda'), do_eval=True, do_lower_case=True, do_train=True, doc_stride=128, eval_all_checkpoints=False, evaluate_during_training=False, fp16=False, fp16_opt_level='O1', gradient_accumulation_steps=1, lang_id=0, learning_rate=3e-05, local_rank=-1, logging_steps=500, max_answer_length=30, max_grad_norm=1.0, max_query_length=64, max_seq_length=384, max_steps=-1, model_name='distilbert1_', model_name_or_path='distilbert-base-uncased', model_type='dfqa', n_best_size=5, n_gpu=4, no_cuda=False, null_score_diff_threshold=0.0, num_train_epochs=3.0, output_dir='save/distilbert1', overwrite_cache=False, overwrite_output_dir=False, per_gpu_eval_batch_size=8, per_gpu_train_batch_size=8, predict_file='data/dev-v2.0.json', project_dir='logs/', save_steps=8000, seed=42, server_ip='', server_port='', threads=32, tokenizer_name='', train_file='data/train-v2.0.json', verbose_logging=False, version_2_with_negative=True, warmup_steps=0, weight_decay=0.0)
2020-03-11 15:15:04,711 INFO Loading features from cached file ./cached_train_distilbert-base-uncased_384
2020-03-11 15:15:34,697 INFO NUMBER PARAMS: 73452290
2020-03-11 15:15:34,701 INFO ***** Running training *****
2020-03-11 15:15:34,701 INFO   Num examples = 131944
2020-03-11 15:15:34,701 INFO   Num Epochs = 3
2020-03-11 15:15:34,702 INFO   Instantaneous batch size per GPU = 8
2020-03-11 15:15:34,702 INFO   Total train batch size (w. parallel, distributed & accumulation) = 32
2020-03-11 15:15:34,702 INFO   Gradient Accumulation steps = 1
2020-03-11 15:15:34,702 INFO   Total optimization steps = 12372
2020-03-11 17:05:31,550 INFO Saving model checkpoint to save/distilbert1/distilbert1_checkpoint-8000
2020-03-11 17:05:32,013 INFO Saving optimizer and scheduler states to save/distilbert1/distilbert1_checkpoint-8000
2020-03-11 18:05:38,054 INFO Saving model checkpoint to save/distilbert1/distilbert1_checkpoint-12373
2020-03-11 18:05:38,516 INFO Saving optimizer and scheduler states to save/distilbert1/distilbert1_checkpoint-12373
2020-03-11 18:05:38,517 INFO  global_step = 12373, average loss = 1.0555972102618512
2020-03-11 18:05:38,517 INFO Saving model checkpoint to save/distilbert1
2020-03-11 18:05:40,290 INFO Loading checkpoints saved during training for evaluation
2020-03-11 18:05:40,290 INFO Evaluate the following checkpoints: ['save/distilbert1']
2020-03-11 18:05:41,790 INFO Loading features from cached file ./cached_dev_distilbert-base-uncased_384
2020-03-11 18:05:42,929 INFO ***** Running evaluation  *****
2020-03-11 18:05:42,930 INFO   Num examples = 6372
2020-03-11 18:05:42,930 INFO   Batch size = 32
2020-03-11 18:06:49,898 INFO   Evaluation done in total 66.967683 secs (0.010510 sec per example)
2020-03-11 18:07:00,199 INFO Results: {'best_f1': 68.46789526175597, 'best_exact': 65.03784139519578, 'NoAns_total': 3168, 'NoAns_exact': 60.8270202020202, 'HasAns_exact': 69.58762886597938, 'total': 6078, 'NoAns_f1': 60.8270202020202, 'f1': 68.45144248123617, 'exact': 65.02138861467589, 'HasAns_f1': 76.75184446768196, 'best_exact_thresh': 0.0, 'HasAns_total': 2910, 'best_f1_thresh': 0.0}
