2020-03-11 20:59:13,815 WARNING Process rank: -1, device: cuda, n_gpu: 4, distributed training: False, 16-bits training: False
2020-03-11 20:59:17,970 INFO Training/evaluation parameters Namespace(adam_epsilon=1e-08, albert_add=-1, albert_set=-1, bert_dup=-1, bert_dup_n=2, cache_dir='', config_name='', data_dir=None, device=device(type='cuda'), do_eval=True, do_lower_case=True, do_train=True, doc_stride=128, eval_all_checkpoints=False, evaluate_during_training=False, fp16=False, fp16_opt_level='O1', gradient_accumulation_steps=1, lang_id=0, learning_rate=3e-05, local_rank=-1, logging_steps=500, max_answer_length=30, max_grad_norm=1.0, max_query_length=64, max_seq_length=384, max_steps=-1, model_name='distilbertdouble_', model_name_or_path='distilbert-base-uncased', model_type='dfqa', n_best_size=5, n_gpu=4, no_cuda=False, null_score_diff_threshold=0.0, num_train_epochs=3.0, output_dir='save/distilbertdouble', overwrite_cache=False, overwrite_output_dir=False, per_gpu_eval_batch_size=8, per_gpu_train_batch_size=8, predict_file='data/dev-v2.0.json', project_dir='logs/', save_steps=8000, seed=42, server_ip='', server_port='', threads=32, tokenizer_name='', train_file='data/train-v2.0.json', verbose_logging=False, version_2_with_negative=True, warmup_steps=0, weight_decay=0.0)
2020-03-11 20:59:17,971 INFO Loading features from cached file ./cached_train_distilbert-base-uncased_384
2020-03-11 20:59:49,826 INFO NUMBER PARAMS: 80540162
2020-03-11 20:59:49,830 INFO ***** Running training *****
2020-03-11 20:59:49,830 INFO   Num examples = 131944
2020-03-11 20:59:49,832 INFO   Num Epochs = 3
2020-03-11 20:59:49,832 INFO   Instantaneous batch size per GPU = 8
2020-03-11 20:59:49,832 INFO   Total train batch size (w. parallel, distributed & accumulation) = 32
2020-03-11 20:59:49,832 INFO   Gradient Accumulation steps = 1
2020-03-11 20:59:49,832 INFO   Total optimization steps = 12372
2020-03-11 23:03:26,057 INFO Saving model checkpoint to save/distilbertdouble/distilbertdouble_checkpoint-8000
2020-03-11 23:03:26,560 INFO Saving optimizer and scheduler states to save/distilbertdouble/distilbertdouble_checkpoint-8000
2020-03-12 00:10:58,367 INFO Saving model checkpoint to save/distilbertdouble/distilbertdouble_checkpoint-12373
2020-03-12 00:10:58,873 INFO Saving optimizer and scheduler states to save/distilbertdouble/distilbertdouble_checkpoint-12373
2020-03-12 00:10:58,875 INFO  global_step = 12373, average loss = 1.0515307644968477
2020-03-12 00:10:58,875 INFO Saving model checkpoint to save/distilbertdouble
2020-03-12 00:11:00,903 INFO Loading checkpoints saved during training for evaluation
2020-03-12 00:11:00,903 INFO Evaluate the following checkpoints: ['save/distilbertdouble']
2020-03-12 00:11:02,529 INFO Loading features from cached file ./cached_dev_distilbert-base-uncased_384
2020-03-12 00:11:03,454 INFO ***** Running evaluation  *****
2020-03-12 00:11:03,456 INFO   Num examples = 6372
2020-03-12 00:11:03,456 INFO   Batch size = 32
2020-03-12 00:12:18,278 INFO   Evaluation done in total 74.821666 secs (0.011742 sec per example)
2020-03-12 00:12:28,228 INFO Results: {'HasAns_f1': 77.06638011404537, 'NoAns_exact': 58.14393939393939, 'NoAns_f1': 58.14393939393939, 'total': 6078, 'HasAns_total': 2910, 'HasAns_exact': 70.06872852233677, 'exact': 63.85324119776242, 'f1': 67.20354822834342, 'best_exact_thresh': 0.0, 'best_f1_thresh': 0.0, 'best_exact': 63.85324119776242, 'best_f1': 67.20354822834332, 'NoAns_total': 3168}
