2020-03-11 12:22:56,023 WARNING Process rank: -1, device: cuda, n_gpu: 4, distributed training: False, 16-bits training: False
2020-03-11 12:23:00,200 INFO Training/evaluation parameters Namespace(adam_epsilon=1e-08, albert_add=-1, albert_set=-1, bert_dup=0, bert_dup_n=-1, cache_dir='', config_name='', data_dir=None, device=device(type='cuda'), do_eval=True, do_lower_case=True, do_train=True, doc_stride=128, eval_all_checkpoints=False, evaluate_during_training=False, fp16=False, fp16_opt_level='O1', gradient_accumulation_steps=1, lang_id=0, learning_rate=3e-05, local_rank=-1, logging_steps=500, max_answer_length=30, max_grad_norm=1.0, max_query_length=64, max_seq_length=384, max_steps=-1, model_name='distilbert0_', model_name_or_path='distilbert-base-uncased', model_type='dfqa', n_best_size=5, n_gpu=4, no_cuda=False, null_score_diff_threshold=0.0, num_train_epochs=3.0, output_dir='save/distilbert0', overwrite_cache=False, overwrite_output_dir=False, per_gpu_eval_batch_size=8, per_gpu_train_batch_size=8, predict_file='data/dev-v2.0.json', project_dir='logs/', save_steps=8000, seed=42, server_ip='', server_port='', threads=32, tokenizer_name='', train_file='data/train-v2.0.json', verbose_logging=False, version_2_with_negative=True, warmup_steps=0, weight_decay=0.0)
2020-03-11 12:23:00,202 INFO Loading features from cached file ./cached_train_distilbert-base-uncased_384
2020-03-11 12:23:30,458 INFO NUMBER PARAMS: 73452290
2020-03-11 12:23:30,461 INFO ***** Running training *****
2020-03-11 12:23:30,462 INFO   Num examples = 131944
2020-03-11 12:23:30,462 INFO   Num Epochs = 3
2020-03-11 12:23:30,463 INFO   Instantaneous batch size per GPU = 8
2020-03-11 12:23:30,463 INFO   Total train batch size (w. parallel, distributed & accumulation) = 32
2020-03-11 12:23:30,463 INFO   Gradient Accumulation steps = 1
2020-03-11 12:23:30,463 INFO   Total optimization steps = 12372
2020-03-11 14:13:27,505 INFO Saving model checkpoint to save/distilbert0/distilbert0_checkpoint-8000
2020-03-11 14:13:27,970 INFO Saving optimizer and scheduler states to save/distilbert0/distilbert0_checkpoint-8000
2020-03-11 15:13:31,427 INFO Saving model checkpoint to save/distilbert0/distilbert0_checkpoint-12373
2020-03-11 15:13:31,892 INFO Saving optimizer and scheduler states to save/distilbert0/distilbert0_checkpoint-12373
2020-03-11 15:13:31,894 INFO  global_step = 12373, average loss = 1.0724152733129162
2020-03-11 15:13:31,894 INFO Saving model checkpoint to save/distilbert0
2020-03-11 15:13:33,706 INFO Loading checkpoints saved during training for evaluation
2020-03-11 15:13:33,706 INFO Evaluate the following checkpoints: ['save/distilbert0']
2020-03-11 15:13:35,286 INFO Loading features from cached file ./cached_dev_distilbert-base-uncased_384
2020-03-11 15:13:36,429 INFO ***** Running evaluation  *****
2020-03-11 15:13:36,430 INFO   Num examples = 6372
2020-03-11 15:13:36,430 INFO   Batch size = 32
2020-03-11 15:14:43,346 INFO   Evaluation done in total 66.915507 secs (0.010501 sec per example)
2020-03-11 15:14:53,685 INFO Results: {'NoAns_f1': 58.68055555555556, 'NoAns_exact': 58.68055555555556, 'f1': 66.98506297249705, 'NoAns_total': 3168, 'HasAns_f1': 76.0258463047553, 'HasAns_exact': 68.79725085910653, 'HasAns_total': 2910, 'best_f1_thresh': 0.0, 'best_exact': 63.524185587364265, 'best_exact_thresh': 0.0, 'exact': 63.524185587364265, 'total': 6078, 'best_f1': 66.98506297249692}
