2020-03-12 11:23:32,206 WARNING Process rank: -1, device: cuda, n_gpu: 4, distributed training: False, 16-bits training: False
2020-03-12 11:24:02,023 INFO Training/evaluation parameters Namespace(adam_epsilon=1e-08, albert_add=-1, albert_set=-1, bert_dup=4, bert_dup_n=-1, cache_dir='', config_name='', data_dir=None, device=device(type='cuda'), do_eval=True, do_lower_case=True, do_train=True, doc_stride=128, eval_all_checkpoints=False, evaluate_during_training=False, fp16=False, fp16_opt_level='O1', gradient_accumulation_steps=1, lang_id=0, learning_rate=3e-05, local_rank=-1, logging_steps=500, max_answer_length=30, max_grad_norm=1.0, max_query_length=64, max_seq_length=384, max_steps=-1, model_name='roberta4_', model_name_or_path='roberta-base', model_type='rfqa', n_best_size=5, n_gpu=4, no_cuda=False, null_score_diff_threshold=0.0, num_train_epochs=3.0, output_dir='save/roberta4', overwrite_cache=False, overwrite_output_dir=False, per_gpu_eval_batch_size=8, per_gpu_train_batch_size=8, predict_file='data/dev-v2.0.json', project_dir='logs/', save_steps=8000, seed=42, server_ip='', server_port='', threads=32, tokenizer_name='', train_file='data/train-v2.0.json', verbose_logging=False, version_2_with_negative=True, warmup_steps=0, weight_decay=0.0)
2020-03-12 11:24:02,026 INFO Loading features from cached file ./cached_train_roberta-base_384
2020-03-12 11:25:16,421 INFO NUMBER PARAMS: 131735042
2020-03-12 11:25:16,429 INFO ***** Running training *****
2020-03-12 11:25:16,429 INFO   Num examples = 135860
2020-03-12 11:25:16,429 INFO   Num Epochs = 3
2020-03-12 11:25:16,430 INFO   Instantaneous batch size per GPU = 8
2020-03-12 11:25:16,430 INFO   Total train batch size (w. parallel, distributed & accumulation) = 32
2020-03-12 11:25:16,430 INFO   Gradient Accumulation steps = 1
2020-03-12 11:25:16,430 INFO   Total optimization steps = 12738
2020-03-12 15:41:28,267 INFO Saving model checkpoint to save/roberta4/roberta4_checkpoint-8000
2020-03-12 15:41:29,069 INFO Saving optimizer and scheduler states to save/roberta4/roberta4_checkpoint-8000
2020-03-12 18:13:06,770 INFO Saving model checkpoint to save/roberta4/roberta4_checkpoint-12739
2020-03-12 18:13:07,564 INFO Saving optimizer and scheduler states to save/roberta4/roberta4_checkpoint-12739
2020-03-12 18:13:07,567 INFO  global_step = 12739, average loss = 0.900949616773844
2020-03-12 18:13:07,567 INFO Saving model checkpoint to save/roberta4
2020-03-12 18:13:12,771 INFO Loading checkpoints saved during training for evaluation
2020-03-12 18:13:12,771 INFO Evaluate the following checkpoints: ['save/roberta4']
2020-03-12 18:13:17,323 INFO Creating features from dataset file at .
2020-03-12 18:13:26,379 INFO Saving features into cached file ./cached_dev_roberta-base_384
2020-03-12 18:13:42,545 INFO ***** Running evaluation  *****
2020-03-12 18:13:42,546 INFO   Num examples = 6731
2020-03-12 18:13:42,546 INFO   Batch size = 32
2020-03-12 18:16:25,071 INFO   Evaluation done in total 162.525060 secs (0.024146 sec per example)
2020-03-12 18:16:34,300 INFO Results: {'HasAns_total': 2910, 'HasAns_exact': 77.07903780068729, 'exact': 79.5162882527147, 'best_f1': 82.77577881203861, 'NoAns_total': 3168, 'best_exact_thresh': 0.0, 'best_f1_thresh': 0.0, 'NoAns_exact': 81.7550505050505, 'best_exact': 79.5162882527147, 'total': 6078, 'NoAns_f1': 81.7550505050505, 'f1': 82.77577881203854, 'HasAns_f1': 83.8870046802647}
