2020-03-12 13:51:01,218 WARNING Process rank: -1, device: cuda, n_gpu: 4, distributed training: False, 16-bits training: False
2020-03-12 13:51:08,371 INFO Training/evaluation parameters Namespace(adam_epsilon=1e-08, albert_add=-1, albert_set=-1, bert_dup=3, bert_dup_n=-1, cache_dir='', config_name='', data_dir=None, device=device(type='cuda'), do_eval=True, do_lower_case=True, do_train=True, doc_stride=128, eval_all_checkpoints=False, evaluate_during_training=False, fp16=False, fp16_opt_level='O1', gradient_accumulation_steps=1, lang_id=0, learning_rate=3e-05, local_rank=-1, logging_steps=500, max_answer_length=30, max_grad_norm=1.0, max_query_length=64, max_seq_length=384, max_steps=-1, model_name='roberta3_', model_name_or_path='roberta-base', model_type='rfqa', n_best_size=5, n_gpu=4, no_cuda=False, null_score_diff_threshold=0.0, num_train_epochs=3.0, output_dir='save/roberta3', overwrite_cache=False, overwrite_output_dir=False, per_gpu_eval_batch_size=8, per_gpu_train_batch_size=8, predict_file='data/dev-v2.0.json', project_dir='logs/', save_steps=8000, seed=42, server_ip='', server_port='', threads=32, tokenizer_name='', train_file='data/train-v2.0.json', verbose_logging=False, version_2_with_negative=True, warmup_steps=0, weight_decay=0.0)
2020-03-12 13:51:08,372 INFO Loading features from cached file ./cached_train_roberta-base_384
2020-03-12 13:51:44,860 INFO NUMBER PARAMS: 131735042
2020-03-12 13:51:44,866 INFO ***** Running training *****
2020-03-12 13:51:44,866 INFO   Num examples = 135860
2020-03-12 13:51:44,867 INFO   Num Epochs = 3
2020-03-12 13:51:44,868 INFO   Instantaneous batch size per GPU = 8
2020-03-12 13:51:44,868 INFO   Total train batch size (w. parallel, distributed & accumulation) = 32
2020-03-12 13:51:44,868 INFO   Gradient Accumulation steps = 1
2020-03-12 13:51:44,868 INFO   Total optimization steps = 12738
2020-03-12 18:17:48,990 INFO Saving model checkpoint to save/roberta3/roberta3_checkpoint-8000
2020-03-12 18:17:49,836 INFO Saving optimizer and scheduler states to save/roberta3/roberta3_checkpoint-8000
2020-03-12 20:55:39,991 INFO Saving model checkpoint to save/roberta3/roberta3_checkpoint-12739
2020-03-12 20:55:40,849 INFO Saving optimizer and scheduler states to save/roberta3/roberta3_checkpoint-12739
2020-03-12 20:55:40,852 INFO  global_step = 12739, average loss = 0.8849045098487638
2020-03-12 20:55:40,852 INFO Saving model checkpoint to save/roberta3
2020-03-12 20:55:45,651 INFO Loading checkpoints saved during training for evaluation
2020-03-12 20:55:45,651 INFO Evaluate the following checkpoints: ['save/roberta3']
2020-03-12 20:55:50,029 INFO Loading features from cached file ./cached_dev_roberta-base_384
2020-03-12 20:55:51,102 INFO ***** Running evaluation  *****
2020-03-12 20:55:51,102 INFO   Num examples = 6731
2020-03-12 20:55:51,102 INFO   Batch size = 32
2020-03-12 20:58:40,239 INFO   Evaluation done in total 169.136789 secs (0.025128 sec per example)
2020-03-12 20:58:48,638 INFO Results: {'best_f1': 82.25475059538425, 'NoAns_total': 3168, 'best_exact_thresh': 0.0, 'best_exact': 78.8746298124383, 'exact': 78.8746298124383, 'f1': 82.25475059538404, 'NoAns_f1': 80.90277777777777, 'NoAns_exact': 80.90277777777777, 'HasAns_exact': 76.66666666666667, 'HasAns_total': 2910, 'total': 6078, 'best_f1_thresh': 0.0, 'HasAns_f1': 83.72658904424217}
