2020-03-13 11:06:02,416 WARNING Process rank: -1, device: cuda, n_gpu: 4, distributed training: False, 16-bits training: False
2020-03-13 11:06:09,545 INFO Training/evaluation parameters Namespace(adam_epsilon=1e-08, albert_add=-1, albert_set=-1, bert_dup=-1, bert_dup_n=10, cache_dir='', config_name='', data_dir=None, device=device(type='cuda'), do_eval=True, do_lower_case=True, do_train=True, doc_stride=128, eval_all_checkpoints=False, evaluate_during_training=False, fp16=False, fp16_opt_level='O1', gradient_accumulation_steps=1, lang_id=0, learning_rate=3e-05, local_rank=-1, logging_steps=500, max_answer_length=30, max_grad_norm=1.0, max_query_length=64, max_seq_length=384, max_steps=-1, model_name='robertadec_', model_name_or_path='roberta-base', model_type='rfqa', n_best_size=5, n_gpu=4, no_cuda=False, null_score_diff_threshold=0.0, num_train_epochs=3.0, output_dir='save/robertadec', overwrite_cache=False, overwrite_output_dir=False, per_gpu_eval_batch_size=8, per_gpu_train_batch_size=6, predict_file='data/dev-v2.0.json', project_dir='logs/', save_steps=8000, seed=42, server_ip='', server_port='', threads=32, tokenizer_name='', train_file='data/train-v2.0.json', verbose_logging=False, version_2_with_negative=True, warmup_steps=0, weight_decay=0.0)
2020-03-13 11:06:09,547 INFO Loading features from cached file ./cached_train_roberta-base_384
2020-03-13 11:06:45,300 INFO NUMBER PARAMS: 195525890
2020-03-13 11:06:45,307 INFO ***** Running training *****
2020-03-13 11:06:45,307 INFO   Num examples = 135860
2020-03-13 11:06:45,308 INFO   Num Epochs = 3
2020-03-13 11:06:45,309 INFO   Instantaneous batch size per GPU = 6
2020-03-13 11:06:45,309 INFO   Total train batch size (w. parallel, distributed & accumulation) = 24
2020-03-13 11:06:45,309 INFO   Gradient Accumulation steps = 1
2020-03-13 11:06:45,309 INFO   Total optimization steps = 16983
2020-03-13 17:39:31,170 INFO Saving model checkpoint to save/robertadec/robertadec_checkpoint-8000
2020-03-13 17:39:32,425 INFO Saving optimizer and scheduler states to save/robertadec/robertadec_checkpoint-8000
2020-03-14 00:12:09,061 INFO Saving model checkpoint to save/robertadec/robertadec_checkpoint-16000
2020-03-14 00:12:10,319 INFO Saving optimizer and scheduler states to save/robertadec/robertadec_checkpoint-16000
2020-03-14 01:00:24,109 INFO Saving model checkpoint to save/robertadec/robertadec_checkpoint-16984
2020-03-14 01:00:25,409 INFO Saving optimizer and scheduler states to save/robertadec/robertadec_checkpoint-16984
2020-03-14 01:00:25,414 INFO  global_step = 16984, average loss = 1.0371722044678535
2020-03-14 01:00:25,414 INFO Saving model checkpoint to save/robertadec
2020-03-14 01:00:32,900 INFO Loading checkpoints saved during training for evaluation
2020-03-14 01:00:32,900 INFO Evaluate the following checkpoints: ['save/robertadec']
2020-03-14 01:00:39,861 INFO Loading features from cached file ./cached_dev_roberta-base_384
2020-03-14 01:00:40,934 INFO ***** Running evaluation  *****
2020-03-14 01:00:40,934 INFO   Num examples = 6731
2020-03-14 01:00:40,934 INFO   Batch size = 32
2020-03-14 01:05:14,406 INFO   Evaluation done in total 273.471696 secs (0.040629 sec per example)
2020-03-14 01:05:23,213 INFO Results: {'NoAns_total': 3168, 'HasAns_total': 2910, 'best_exact_thresh': 0.0, 'exact': 78.90753537347811, 'HasAns_f1': 83.07260075964315, 'total': 6078, 'best_exact': 78.90753537347811, 'best_f1': 82.35295627024696, 'NoAns_f1': 81.6919191919192, 'NoAns_exact': 81.6919191919192, 'f1': 82.35295627024699, 'best_f1_thresh': 0.0, 'HasAns_exact': 75.87628865979381}
