2020-03-12 09:49:46,818 WARNING Process rank: -1, device: cuda, n_gpu: 4, distributed training: False, 16-bits training: False
2020-03-12 09:50:16,793 INFO Training/evaluation parameters Namespace(adam_epsilon=1e-08, albert_add=-1, albert_set=-1, bert_dup=-1, bert_dup_n=2, cache_dir='', config_name='', data_dir=None, device=device(type='cuda'), do_eval=True, do_lower_case=True, do_train=True, doc_stride=128, eval_all_checkpoints=False, evaluate_during_training=False, fp16=False, fp16_opt_level='O1', gradient_accumulation_steps=1, lang_id=0, learning_rate=3e-05, local_rank=-1, logging_steps=500, max_answer_length=30, max_grad_norm=1.0, max_query_length=64, max_seq_length=384, max_steps=-1, model_name='robertadouble_', model_name_or_path='roberta-base', model_type='rfqa', n_best_size=5, n_gpu=4, no_cuda=False, null_score_diff_threshold=0.0, num_train_epochs=3.0, output_dir='save/robertadouble', overwrite_cache=False, overwrite_output_dir=False, per_gpu_eval_batch_size=8, per_gpu_train_batch_size=8, predict_file='data/dev-v2.0.json', project_dir='logs/', save_steps=8000, seed=42, server_ip='', server_port='', threads=32, tokenizer_name='', train_file='data/train-v2.0.json', verbose_logging=False, version_2_with_negative=True, warmup_steps=0, weight_decay=0.0)
2020-03-12 09:50:16,795 INFO Creating features from dataset file at .
2020-03-12 09:53:11,783 INFO Saving features into cached file ./cached_train_roberta-base_384
2020-03-12 09:57:02,085 INFO NUMBER PARAMS: 138822914
2020-03-12 09:57:02,095 INFO ***** Running training *****
2020-03-12 09:57:02,095 INFO   Num examples = 135860
2020-03-12 09:57:02,096 INFO   Num Epochs = 3
2020-03-12 09:57:02,097 INFO   Instantaneous batch size per GPU = 8
2020-03-12 09:57:02,097 INFO   Total train batch size (w. parallel, distributed & accumulation) = 32
2020-03-12 09:57:02,097 INFO   Gradient Accumulation steps = 1
2020-03-12 09:57:02,097 INFO   Total optimization steps = 12738
2020-03-12 14:31:03,372 INFO Saving model checkpoint to save/robertadouble/robertadouble_checkpoint-8000
2020-03-12 14:31:04,348 INFO Saving optimizer and scheduler states to save/robertadouble/robertadouble_checkpoint-8000
2020-03-12 17:13:23,933 INFO Saving model checkpoint to save/robertadouble/robertadouble_checkpoint-12739
2020-03-12 17:13:24,874 INFO Saving optimizer and scheduler states to save/robertadouble/robertadouble_checkpoint-12739
2020-03-12 17:13:24,877 INFO  global_step = 12739, average loss = 0.9585895547617717
2020-03-12 17:13:24,878 INFO Saving model checkpoint to save/robertadouble
2020-03-12 17:13:30,502 INFO Loading checkpoints saved during training for evaluation
2020-03-12 17:13:30,502 INFO Evaluate the following checkpoints: ['save/robertadouble']
2020-03-12 17:13:35,652 INFO Creating features from dataset file at .
2020-03-12 17:13:46,432 INFO Saving features into cached file ./cached_dev_roberta-base_384
2020-03-12 17:13:58,337 INFO ***** Running evaluation  *****
2020-03-12 17:13:58,338 INFO   Num examples = 6731
2020-03-12 17:13:58,339 INFO   Batch size = 32
2020-03-12 17:16:50,807 INFO   Evaluation done in total 172.467594 secs (0.025623 sec per example)
2020-03-12 17:16:59,625 INFO Results: {'best_exact_thresh': 0.0, 'best_f1': 82.28228028043738, 'best_exact': 78.92398815399802, 'f1': 82.28228028043726, 'NoAns_exact': 81.0290404040404, 'HasAns_exact': 76.63230240549828, 'best_f1_thresh': 0.0, 'NoAns_f1': 81.0290404040404, 'NoAns_total': 3168, 'total': 6078, 'exact': 78.92398815399802, 'HasAns_total': 2910, 'HasAns_f1': 83.64663214587551}
